[    0.000000] Initializing cgroup subsys cpuset
[    0.000000] Initializing cgroup subsys cpu
[    0.000000] Initializing cgroup subsys cpuacct
[    0.000000] Linux version 4.4.0-75-generic (buildd@lgw01-21) (gcc version 5.4.0 20160609 (Ubuntu 5.4.0-6ubuntu1~16.04.4) ) #96-Ubuntu SMP Thu Apr 20 09:56:33 UTC 2017 (Ubuntu 4.4.0-75.96-generic 4.4.59)
[    0.000000] Command line: BOOT_IMAGE=/boot/vmlinuz-4.4.0-75-generic root=LABEL=cloudimg-rootfs ro console=tty1 console=ttyS0
[    0.000000] KERNEL supported cpus:
[    0.000000]   Intel GenuineIntel
[    0.000000]   AMD AuthenticAMD
[    0.000000]   Centaur CentaurHauls
[    0.000000] ------------[ cut here ]------------
[    0.000000] WARNING: CPU: 0 PID: 0 at /build/linux-Hlembm/linux-4.4.0/arch/x86/kernel/fpu/xstate.c:517 fpu__init_system_xstate+0x38b/0x75a()
[    0.000000] XSAVE consistency problem, dumping leaves
[    0.000000] Modules linked in:
[    0.000000] CPU: 0 PID: 0 Comm: swapper Not tainted 4.4.0-75-generic #96-Ubuntu
[    0.000000]  0000000000000086 ee3fde08ff472c87 ffffffff81e03d80 ffffffff813f8493
[    0.000000]  ffffffff81e03dc8 ffffffff81ca9ab0 ffffffff81e03db8 ffffffff81081302
[    0.000000]  ffffffff81e03e48 ffffffff81e03e4c 0000000000000008 0000000000000100
[    0.000000] Call Trace:
[    0.000000]  [<ffffffff813f8493>] dump_stack+0x63/0x90
[    0.000000]  [<ffffffff81081302>] warn_slowpath_common+0x82/0xc0
[    0.000000]  [<ffffffff8108139c>] warn_slowpath_fmt+0x5c/0x80
[    0.000000]  [<ffffffff8107cfd0>] ? xfeature_size+0x59/0x77
[    0.000000]  [<ffffffff81f6d20f>] fpu__init_system_xstate+0x38b/0x75a
[    0.000000]  [<ffffffff81f5d120>] ? early_idt_handler_array+0x120/0x120
[    0.000000]  [<ffffffff81f6cb7a>] fpu__init_system+0x10d/0x245
[    0.000000]  [<ffffffff81f6dc83>] early_cpu_init+0x139/0x13e
[    0.000000]  [<ffffffff81f6dc83>] ? early_cpu_init+0x139/0x13e
[    0.000000]  [<ffffffff81f6918a>] setup_arch+0xb4/0xcf1
[    0.000000]  [<ffffffff81f5d120>] ? early_idt_handler_array+0x120/0x120
[    0.000000]  [<ffffffff81f5dc74>] start_kernel+0xe4/0x4a2
[    0.000000]  [<ffffffff81f5d120>] ? early_idt_handler_array+0x120/0x120
[    0.000000]  [<ffffffff81f5d339>] x86_64_start_reservations+0x2a/0x2c
[    0.000000]  [<ffffffff81f5d485>] x86_64_start_kernel+0x14a/0x16d
[    0.000000] ---[ end trace 4d5ff9f2f68c4233 ]---
[    0.000000] CPUID[0d, 00]: eax=00000007 ebx=00000440 ecx=00000440 edx=00000000
[    0.000000] CPUID[0d, 01]: eax=00000000 ebx=000003c0 ecx=00000000 edx=00000000
[    0.000000] CPUID[0d, 02]: eax=00000100 ebx=00000240 ecx=00000000 edx=00000000
[    0.000000] CPUID[0d, 03]: eax=00000000 ebx=00000000 ecx=00000000 edx=00000000
[    0.000000] CPUID[0d, 04]: eax=00000000 ebx=00000000 ecx=00000000 edx=00000000
[    0.000000] CPUID[0d, 05]: eax=00000000 ebx=00000000 ecx=00000000 edx=00000000
[    0.000000] CPUID[0d, 06]: eax=00000000 ebx=00000000 ecx=00000000 edx=00000000
[    0.000000] CPUID[0d, 07]: eax=00000000 ebx=00000000 ecx=00000000 edx=00000000
[    0.000000] CPUID[0d, 08]: eax=00000000 ebx=00000000 ecx=00000000 edx=00000000
[    0.000000] CPUID[0d, 09]: eax=00000000 ebx=00000000 ecx=00000000 edx=00000000
[    0.000000] CPUID[0d, 0a]: eax=00000000 ebx=00000000 ecx=00000000 edx=00000000
[    0.000000] CPUID[0d, 0b]: eax=00000000 ebx=00000000 ecx=00000000 edx=00000000
[    0.000000] CPUID[0d, 0c]: eax=00000000 ebx=00000000 ecx=00000000 edx=00000000
[    0.000000] CPUID[0d, 0d]: eax=00000000 ebx=00000000 ecx=00000000 edx=00000000
[    0.000000] CPUID[0d, 0e]: eax=00000000 ebx=00000000 ecx=00000000 edx=00000000
[    0.000000] CPUID[0d, 0f]: eax=00000000 ebx=00000000 ecx=00000000 edx=00000000
[    0.000000] CPUID[0d, 10]: eax=00000000 ebx=00000000 ecx=00000000 edx=00000000
[    0.000000] CPUID[0d, 11]: eax=00000000 ebx=00000000 ecx=00000000 edx=00000000
[    0.000000] x86/fpu: xstate_offset[2]:  576, xstate_sizes[2]:  256
[    0.000000] x86/fpu: Supporting XSAVE feature 0x01: 'x87 floating point registers'
[    0.000000] x86/fpu: Supporting XSAVE feature 0x02: 'SSE registers'
[    0.000000] x86/fpu: Supporting XSAVE feature 0x04: 'AVX registers'
[    0.000000] x86/fpu: Enabled xstate features 0x7, context size is 1088 bytes, using 'standard' format.
[    0.000000] x86/fpu: Using 'lazy' FPU context switches.
[    0.000000] e820: BIOS-provided physical RAM map:
[    0.000000] BIOS-e820: [mem 0x0000000000000000-0x000000000009fbff] usable
[    0.000000] BIOS-e820: [mem 0x000000000009fc00-0x000000000009ffff] reserved
[    0.000000] BIOS-e820: [mem 0x00000000000f0000-0x00000000000fffff] reserved
[    0.000000] BIOS-e820: [mem 0x0000000000100000-0x000000003ffeffff] usable
[    0.000000] BIOS-e820: [mem 0x000000003fff0000-0x000000003fffffff] ACPI data
[    0.000000] BIOS-e820: [mem 0x00000000fec00000-0x00000000fec00fff] reserved
[    0.000000] BIOS-e820: [mem 0x00000000fee00000-0x00000000fee00fff] reserved
[    0.000000] BIOS-e820: [mem 0x00000000fffc0000-0x00000000ffffffff] reserved
[    0.000000] NX (Execute Disable) protection: active
[    0.000000] SMBIOS 2.5 present.
[    0.000000] Hypervisor detected: KVM
[    0.000000] e820: last_pfn = 0x3fff0 max_arch_pfn = 0x400000000
[    0.000000] MTRR: Disabled
[    0.000000] x86/PAT: MTRRs disabled, skipping PAT initialization too.
[    0.000000] x86/PAT: Configuration [0-7]: WB  WT  UC- UC  WB  WT  UC- UC  
[    0.000000] CPU MTRRs all blank - virtualized system.
[    0.000000] found SMP MP-table at [mem 0x0009fff0-0x0009ffff] mapped at [ffff88000009fff0]
[    0.000000] Scanning 1 areas for low memory corruption
[    0.000000] RAMDISK: [mem 0x36aea000-0x3756cfff]
[    0.000000] ACPI: Early table checksum verification disabled
[    0.000000] ACPI: RSDP 0x00000000000E0000 000024 (v02 VBOX  )
[    0.000000] ACPI: XSDT 0x000000003FFF0030 00003C (v01 VBOX   VBOXXSDT 00000001 ASL  00000061)
[    0.000000] ACPI: FACP 0x000000003FFF00F0 0000F4 (v04 VBOX   VBOXFACP 00000001 ASL  00000061)
[    0.000000] ACPI: DSDT 0x000000003FFF0470 0021C8 (v02 VBOX   VBOXBIOS 00000002 INTL 20100528)
[    0.000000] ACPI: FACS 0x000000003FFF0200 000040
[    0.000000] ACPI: FACS 0x000000003FFF0200 000040
[    0.000000] ACPI: APIC 0x000000003FFF0240 00005C (v02 VBOX   VBOXAPIC 00000001 ASL  00000061)
[    0.000000] ACPI: SSDT 0x000000003FFF02A0 0001CC (v01 VBOX   VBOXCPUT 00000002 INTL 20100528)
[    0.000000] No NUMA configuration found
[    0.000000] Faking a node at [mem 0x0000000000000000-0x000000003ffeffff]
[    0.000000] NODE_DATA(0) allocated [mem 0x3ffeb000-0x3ffeffff]
[    0.000000] kvm-clock: Using msrs 4b564d01 and 4b564d00
[    0.000000] kvm-clock: cpu 0, msr 0:3ffe3001, primary cpu clock
[    0.000000] kvm-clock: using sched offset of 3540210891 cycles
[    0.000000] clocksource: kvm-clock: mask: 0xffffffffffffffff max_cycles: 0x1cd42e4dffb, max_idle_ns: 881590591483 ns
[    0.000000] Zone ranges:
[    0.000000]   DMA      [mem 0x0000000000001000-0x0000000000ffffff]
[    0.000000]   DMA32    [mem 0x0000000001000000-0x000000003ffeffff]
[    0.000000]   Normal   empty
[    0.000000]   Device   empty
[    0.000000] Movable zone start for each node
[    0.000000] Early memory node ranges
[    0.000000]   node   0: [mem 0x0000000000001000-0x000000000009efff]
[    0.000000]   node   0: [mem 0x0000000000100000-0x000000003ffeffff]
[    0.000000] Initmem setup node 0 [mem 0x0000000000001000-0x000000003ffeffff]
[    0.000000] ACPI: PM-Timer IO Port: 0x4008
[    0.000000] IOAPIC[0]: apic_id 2, version 32, address 0xfec00000, GSI 0-23
[    0.000000] ACPI: INT_SRC_OVR (bus 0 bus_irq 0 global_irq 2 dfl dfl)
[    0.000000] ACPI: INT_SRC_OVR (bus 0 bus_irq 9 global_irq 9 high level)
[    0.000000] Using ACPI (MADT) for SMP configuration information
[    0.000000] smpboot: Allowing 2 CPUs, 0 hotplug CPUs
[    0.000000] PM: Registered nosave memory: [mem 0x00000000-0x00000fff]
[    0.000000] PM: Registered nosave memory: [mem 0x0009f000-0x0009ffff]
[    0.000000] PM: Registered nosave memory: [mem 0x000a0000-0x000effff]
[    0.000000] PM: Registered nosave memory: [mem 0x000f0000-0x000fffff]
[    0.000000] e820: [mem 0x40000000-0xfebfffff] available for PCI devices
[    0.000000] Booting paravirtualized kernel on KVM
[    0.000000] clocksource: refined-jiffies: mask: 0xffffffff max_cycles: 0xffffffff, max_idle_ns: 7645519600211568 ns
[    0.000000] setup_percpu: NR_CPUS:512 nr_cpumask_bits:512 nr_cpu_ids:2 nr_node_ids:1
[    0.000000] PERCPU: Embedded 33 pages/cpu @ffff88003fc00000 s98264 r8192 d28712 u1048576
[    0.000000] PV qspinlock hash table entries: 256 (order: 0, 4096 bytes)
[    0.000000] Built 1 zonelists in Node order, mobility grouping on.  Total pages: 257913
[    0.000000] Policy zone: DMA32
[    0.000000] Kernel command line: BOOT_IMAGE=/boot/vmlinuz-4.4.0-75-generic root=LABEL=cloudimg-rootfs ro console=tty1 console=ttyS0
[    0.000000] PID hash table entries: 4096 (order: 3, 32768 bytes)
[    0.000000] Memory: 1001816K/1048120K available (8449K kernel code, 1294K rwdata, 3980K rodata, 1484K init, 1316K bss, 46304K reserved, 0K cma-reserved)
[    0.000000] SLUB: HWalign=64, Order=0-3, MinObjects=0, CPUs=2, Nodes=1
[    0.000000] Hierarchical RCU implementation.
[    0.000000] 	Build-time adjustment of leaf fanout to 64.
[    0.000000] 	RCU restricting CPUs from NR_CPUS=512 to nr_cpu_ids=2.
[    0.000000] RCU: Adjusting geometry for rcu_fanout_leaf=64, nr_cpu_ids=2
[    0.000000] NR_IRQS:33024 nr_irqs:440 16
[    0.000000] Console: colour VGA+ 80x25
[    0.000000] console [tty1] enabled
[    0.000000] console [ttyS0] enabled
[    0.000000] tsc: Detected 2591.998 MHz processor
[    2.077849] Calibrating delay loop (skipped) preset value.. 5183.99 BogoMIPS (lpj=10367992)
[    2.079146] pid_max: default: 32768 minimum: 301
[    2.079800] ACPI: Core revision 20150930
[    2.081243] ACPI: 2 ACPI AML tables successfully acquired and loaded
[    2.082170] Security Framework initialized
[    2.082802] Yama: becoming mindful.
[    2.083362] AppArmor: AppArmor initialized
[    2.084207] Dentry cache hash table entries: 131072 (order: 8, 1048576 bytes)
[    2.085280] Inode-cache hash table entries: 65536 (order: 7, 524288 bytes)
[    2.086701] Mount-cache hash table entries: 2048 (order: 2, 16384 bytes)
[    2.087619] Mountpoint-cache hash table entries: 2048 (order: 2, 16384 bytes)
[    2.088666] Initializing cgroup subsys io
[    2.089323] Initializing cgroup subsys memory
[    2.089946] Initializing cgroup subsys devices
[    2.090609] Initializing cgroup subsys freezer
[    2.091489] Initializing cgroup subsys net_cls
[    2.092136] Initializing cgroup subsys perf_event
[    2.092914] Initializing cgroup subsys net_prio
[    2.093649] Initializing cgroup subsys hugetlb
[    2.094279] Initializing cgroup subsys pids
[    2.094993] CPU: Physical Processor ID: 0
[    2.095617] CPU: Processor Core ID: 0
[    2.097131] mce: CPU supports 0 MCE banks
[    2.097836] Last level iTLB entries: 4KB 64, 2MB 8, 4MB 8
[    2.098549] Last level dTLB entries: 4KB 64, 2MB 0, 4MB 0, 1GB 4
[    2.100964] Freeing SMP alternatives memory: 32K (ffffffff820b8000 - ffffffff820c0000)
[    2.118264] ftrace: allocating 32117 entries in 126 pages
[    2.158540] smpboot: APIC(0) Converting physical 0 to logical package 0
[    2.283772] smpboot: Max logical packages: 1
[    2.402776] x2apic enabled
[    2.482924] Switched APIC routing to physical x2apic.
[    2.632994] ..TIMER: vector=0x30 apic1=0 pin1=2 apic2=-1 pin2=-1
[    2.921193] smpboot: CPU0: Intel(R) Core(TM) i7-6700HQ CPU @ 2.60GHz (family: 0x6, model: 0x5e, stepping: 0x3)
[    3.044755] Performance Events: unsupported p6 CPU model 94 no PMU driver, software events only.
[    3.046203] KVM setup paravirtual spinlock
[    3.047458] x86: Booting SMP configuration:
[    3.048069] .... node  #0, CPUs:      #1
[    3.048770] kvm-clock: cpu 1, msr 0:3ffe3041, secondary cpu clock
[    3.104365] mce: CPU supports 0 MCE banks
[    3.139645] x86: Booted up 1 node, 2 CPUs
[    3.244011] smpboot: Total of 2 processors activated (10367.99 BogoMIPS)
[    3.439767] devtmpfs: initialized
[    3.536723] evm: security.selinux
[    3.543837] evm: security.SMACK64
[    3.544356] evm: security.SMACK64EXEC
[    3.544906] evm: security.SMACK64TRANSMUTE
[    3.545542] evm: security.SMACK64MMAP
[    3.546226] evm: security.ima
[    3.546713] evm: security.capability
[    3.547484] clocksource: jiffies: mask: 0xffffffff max_cycles: 0xffffffff, max_idle_ns: 7645041785100000 ns
[    3.548861] futex hash table entries: 512 (order: 3, 32768 bytes)
[    3.549851] pinctrl core: initialized pinctrl subsystem
[    3.550699] RTC time:  9:49:10, date: 04/25/17
[    3.551958] NET: Registered protocol family 16
[    3.565540] cpuidle: using governor ladder
[    3.697623] cpuidle: using governor menu
[    3.756229] PCCT header not found.
[    3.756909] ACPI: bus type PCI registered
[    3.757641] acpiphp: ACPI Hot Plug PCI Controller Driver version: 0.5
[    3.758731] PCI: Using configuration type 1 for base access
[    3.770313] ACPI: Added _OSI(Module Device)
[    3.771023] ACPI: Added _OSI(Processor Device)
[    3.771738] ACPI: Added _OSI(3.0 _SCP Extensions)
[    3.772433] ACPI: Added _OSI(Processor Aggregator Device)
[    3.775031] ACPI: Executed 1 blocks of module-level executable AML code
[    3.777720] ACPI: Interpreter enabled
[    3.778304] ACPI: (supports S0 S5)
[    3.778925] ACPI: Using IOAPIC for interrupt routing
[    3.779823] PCI: Using host bridge windows from ACPI; if necessary, use "pci=nocrs" and report a bug
[    3.783981] ACPI: PCI Root Bridge [PCI0] (domain 0000 [bus 00-ff])
[    3.784825] acpi PNP0A03:00: _OSC: OS supports [ASPM ClockPM Segments MSI]
[    3.785778] acpi PNP0A03:00: _OSC failed (AE_NOT_FOUND); disabling ASPM
[    3.786851] acpi PNP0A03:00: fail to add MMCONFIG information, can't access extended PCI configuration space under this bridge.
[    3.788689] PCI host bridge to bus 0000:00
[    3.789316] pci_bus 0000:00: root bus resource [io  0x0000-0x0cf7 window]
[    3.790311] pci_bus 0000:00: root bus resource [io  0x0d00-0xffff window]
[    3.791405] pci_bus 0000:00: root bus resource [mem 0x000a0000-0x000bffff window]
[    3.792527] pci_bus 0000:00: root bus resource [mem 0x40000000-0xffdfffff window]
[    3.793850] pci_bus 0000:00: root bus resource [bus 00-ff]
[    3.795814] pci 0000:00:01.1: legacy IDE quirk: reg 0x10: [io  0x01f0-0x01f7]
[    3.796766] pci 0000:00:01.1: legacy IDE quirk: reg 0x14: [io  0x03f6]
[    3.797654] pci 0000:00:01.1: legacy IDE quirk: reg 0x18: [io  0x0170-0x0177]
[    3.798620] pci 0000:00:01.1: legacy IDE quirk: reg 0x1c: [io  0x0376]
[    3.812102] pci 0000:00:07.0: quirk: [io  0x4000-0x403f] claimed by PIIX4 ACPI
[    3.829091] pci 0000:00:07.0: quirk: [io  0x4100-0x410f] claimed by PIIX4 SMB
[    3.837222] ACPI: PCI Interrupt Link [LNKA] (IRQs 5 9 10 *11)
[    3.944306] ACPI: PCI Interrupt Link [LNKB] (IRQs 5 9 10 *11)
[    3.999734] ACPI: PCI Interrupt Link [LNKC] (IRQs 5 9 *10 11)
[    4.137643] ACPI: PCI Interrupt Link [LNKD] (IRQs 5 *9 10 11)
[    4.156831] ACPI: Enabled 2 GPEs in block 00 to 07
[    4.158169] vgaarb: setting as boot device: PCI:0000:00:02.0
[    4.158969] vgaarb: device added: PCI:0000:00:02.0,decodes=io+mem,owns=io+mem,locks=none
[    4.160168] vgaarb: loaded
[    4.160635] vgaarb: bridge control possible 0000:00:02.0
[    4.226522] SCSI subsystem initialized
[    4.282566] ACPI: bus type USB registered
[    4.283217] usbcore: registered new interface driver usbfs
[    4.283996] usbcore: registered new interface driver hub
[    4.284833] usbcore: registered new device driver usb
[    4.286045] PCI: Using ACPI for IRQ routing
[    4.287001] NetLabel: Initializing
[    4.287590] NetLabel:  domain hash size = 128
[    4.288307] NetLabel:  protocols = UNLABELED CIPSOv4
[    4.289004] NetLabel:  unlabeled traffic allowed by default
[    4.290049] amd_nb: Cannot enumerate AMD northbridges
[    4.359773] clocksource: Switched to clocksource kvm-clock
[    4.464290] AppArmor: AppArmor Filesystem Enabled
[    4.528121] pnp: PnP ACPI init
[    4.598190] pnp: PnP ACPI: found 3 devices
[    4.651679] clocksource: acpi_pm: mask: 0xffffff max_cycles: 0xffffff, max_idle_ns: 2085701024 ns
[    4.739362] NET: Registered protocol family 2
[    4.856770] TCP established hash table entries: 8192 (order: 4, 65536 bytes)
[    5.047116] TCP bind hash table entries: 8192 (order: 5, 131072 bytes)
[    5.139276] TCP: Hash tables configured (established 8192 bind 8192)
[    5.140122] UDP hash table entries: 512 (order: 2, 16384 bytes)
[    5.208171] UDP-Lite hash table entries: 512 (order: 2, 16384 bytes)
[    5.349562] NET: Registered protocol family 1
[    5.350219] pci 0000:00:00.0: Limiting direct PCI/PCI transfers
[    5.351013] pci 0000:00:01.0: Activating ISA DMA hang workarounds
[    5.352274] Unpacking initramfs...
[    6.929420] Freeing initrd memory: 10764K (ffff880036aea000 - ffff88003756d000)
[    6.993157] platform rtc_cmos: registered platform RTC device (no PNP device found)
[    7.107431] Scanning for low memory corruption every 60 seconds
[    7.110433] audit: initializing netlink subsys (disabled)
[    7.127010] audit: type=2000 audit(1493113754.484:1): initialized
[    7.175872] Initialise system trusted keyring
[    7.231122] HugeTLB registered 2 MB page size, pre-allocated 0 pages
[    7.233197] zbud: loaded
[    7.259216] VFS: Disk quotas dquot_6.6.0
[    7.259923] VFS: Dquot-cache hash table entries: 512 (order 0, 4096 bytes)
[    7.261048] squashfs: version 4.0 (2009/01/31) Phillip Lougher
[    7.262353] fuse init (API version 7.23)
[    7.263230] Key type big_key registered
[    7.263844] Allocating IMA MOK and blacklist keyrings.
[    7.266352] Key type asymmetric registered
[    7.267000] Asymmetric key parser 'x509' registered
[    7.267801] Block layer SCSI generic (bsg) driver version 0.4 loaded (major 249)
[    7.268978] io scheduler noop registered
[    7.269595] io scheduler deadline registered (default)
[    7.270347] io scheduler cfq registered
[    7.271038] pci_hotplug: PCI Hot Plug PCI Core version: 0.5
[    7.271811] pciehp: PCI Express Hot Plug Controller Driver version: 0.4
[    7.272853] ACPI: AC Adapter [AC] (on-line)
[    7.273560] input: Power Button as /devices/LNXSYSTM:00/LNXPWRBN:00/input/input0
[    7.274757] ACPI: Power Button [PWRF]
[    7.275403] input: Sleep Button as /devices/LNXSYSTM:00/LNXSLPBN:00/input/input1
[    7.276555] ACPI: Sleep Button [SLPF]
[    7.277305] GHES: HEST is not enabled!
[    7.277916] ACPI: Battery Slot [BAT0] (battery present)
[    7.278892] Serial: 8250/16550 driver, 32 ports, IRQ sharing enabled
[    7.301205] 00:02: ttyS0 at I/O 0x3f8 (irq = 4, base_baud = 115200) is a 16550A
[    7.324538] Linux agpgart interface v0.103
[    7.346372] loop: module loaded
[    7.366090] scsi host0: ata_piix
[    7.403684] scsi host1: ata_piix
[    7.470775] ata1: PATA max UDMA/33 cmd 0x1f0 ctl 0x3f6 bmdma 0xd000 irq 14
[    7.471664] ata2: PATA max UDMA/33 cmd 0x170 ctl 0x376 bmdma 0xd008 irq 15
[    7.472777] libphy: Fixed MDIO Bus: probed
[    7.473535] tun: Universal TUN/TAP device driver, 1.6
[    7.474494] tun: (C) 1999-2004 Max Krasnyansky <maxk@qualcomm.com>
[    7.475494] PPP generic driver version 2.4.2
[    7.476343] ehci_hcd: USB 2.0 'Enhanced' Host Controller (EHCI) Driver
[    7.477262] ehci-pci: EHCI PCI platform driver
[    7.477915] ehci-platform: EHCI generic platform driver
[    7.505359] ohci_hcd: USB 1.1 'Open' Host Controller (OHCI) Driver
[    7.593650] ohci-pci: OHCI PCI platform driver
[    7.608212] ohci-platform: OHCI generic platform driver
[    7.663587] uhci_hcd: USB Universal Host Controller Interface driver
[    7.731418] i8042: PNP: PS/2 Controller [PNP0303:PS2K,PNP0f03:PS2M] at 0x60,0x64 irq 1,12
[    7.733239] serio: i8042 KBD port at 0x60,0x64 irq 1
[    7.734037] serio: i8042 AUX port at 0x60,0x64 irq 12
[    7.735005] mousedev: PS/2 mouse device common for all mice
[    7.914090] rtc_cmos rtc_cmos: rtc core: registered rtc_cmos as rtc0
[    7.993234] tsc: Refined TSC clocksource calibration: 2590.900 MHz
[    7.993236] clocksource: tsc: mask: 0xffffffffffffffff max_cycles: 0x2558a7c9df9, max_idle_ns: 440795242091 ns
[    8.724011] rtc_cmos rtc_cmos: alarms up to one day, 114 bytes nvram
[    8.793962] i2c /dev entries driver
[    8.794611] input: AT Translated Set 2 keyboard as /devices/platform/i8042/serio0/input/input2
[    8.796161] device-mapper: uevent: version 1.0.3
[    8.796901] device-mapper: ioctl: 4.34.0-ioctl (2015-10-28) initialised: dm-devel@redhat.com
[    8.798146] ledtrig-cpu: registered to indicate activity on CPUs
[    8.799775] NET: Registered protocol family 10
[    8.800759] NET: Registered protocol family 17
[    8.801438] Key type dns_resolver registered
[    8.953769] microcode: CPU0 sig=0x506e3, pf=0x2, revision=0x0
[    9.333420] microcode: CPU1 sig=0x506e3, pf=0x2, revision=0x0
[    9.403972] microcode: Microcode Update Driver: v2.01 <tigran@aivazian.fsnet.co.uk>, Peter Oruba
[    9.413718] registered taskstats version 1
[    9.583507] Loading compiled-in X.509 certificates
[    9.604295] Loaded X.509 cert 'Build time autogenerated kernel key: c2fea74804032151001b764dbf9eab8df960fa59'
[    9.605723] zswap: loaded using pool lzo/zbud
[    9.608037] Key type trusted registered
[    9.667177] Key type encrypted registered
[    9.667827] AppArmor: AppArmor sha1 policy hashing enabled
[    9.668615] ima: No TPM chip found, activating TPM-bypass!
[    9.669374] evm: HMAC attrs: 0x1
[    9.670263]   Magic number: 13:606:829
[    9.670986] rtc_cmos rtc_cmos: setting system clock to 2017-04-25 09:49:16 UTC (1493113756)
[    9.672534] BIOS EDD facility v0.16 2004-Jun-25, 0 devices found
[    9.673356] EDD information not available.
[    9.679699] Freeing unused kernel memory: 1484K (ffffffff81f45000 - ffffffff820b8000)
[    9.680903] Write protecting the kernel read-only data: 14336k
[    9.682338] Freeing unused kernel memory: 1780K (ffff880001843000 - ffff880001a00000)
[    9.685752] Freeing unused kernel memory: 116K (ffff880001de3000 - ffff880001e00000)
Loading, please wait...
starting version[    9.697220] random: systemd-udevd: uninitialized urandom read (16 bytes read, 5 bits of entropy available)
 229
[    9.697743] random: udevadm: uninitialized urandom read (16 bytes read, 5 bits of entropy available)
[    9.697773] random: udevadm: uninitialized urandom read (16 bytes read, 5 bits of entropy available)
[    9.697859] random: udevadm: uninitialized urandom read (16 bytes read, 5 bits of entropy available)
[    9.697891] random: udevadm: uninitialized urandom read (16 bytes read, 5 bits of entropy available)
[    9.697921] random: udevadm: uninitialized urandom read (16 bytes read, 5 bits of entropy available)
[    9.697953] random: udevadm: uninitialized urandom read (16 bytes read, 5 bits of entropy available)
[    9.697982] random: udevadm: uninitialized urandom read (16 bytes read, 5 bits of entropy available)
[    9.698009] random: udevadm: uninitialized urandom read (16 bytes read, 5 bits of entropy available)
[    9.698036] random: udevadm: uninitialized urandom read (16 bytes read, 5 bits of entropy available)
[   10.290255] e1000: Intel(R) PRO/1000 Network Driver - version 7.3.21-k8-NAPI
[   10.320262] e1000: Copyright (c) 1999-2006 Intel Corporation.
[   10.348894] Fusion MPT base driver 3.04.20
[   10.356568] Copyright (c) 1999-2008 LSI Corporation
[   10.365467] AVX version of gcm_enc/dec engaged.
[   10.557877] AES CTR mode by8 optimization enabled
[   10.824850] input: ImExPS/2 Generic Explorer Mouse as /devices/platform/i8042/serio1/input/input4
[   11.404007] Fusion MPT SPI Host driver 3.04.20
[   11.691014] e1000 0000:00:03.0 eth0: (PCI:33MHz:32-bit) 02:1c:f3:43:ad:62
[   11.779157] e1000 0000:00:03.0 eth0: Intel(R) PRO/1000 Network Connection
[   12.147207] e1000 0000:00:08.0 eth1: (PCI:33MHz:32-bit) 08:00:27:1f:16:3f
[   12.330899] e1000 0000:00:08.0 eth1: Intel(R) PRO/1000 Network Connection
[   12.446957] e1000 0000:00:03.0 enp0s3: renamed from eth0
[   12.449196] mptbase: ioc0: Initiating bringup
[   12.472150] e1000 0000:00:08.0 enp0s8: renamed from eth1
[   12.672025] ioc0: LSI53C1030 A0: Capabilities={Initiator}
[   13.239149] scsi host2: ioc0: LSI53C1030 A0, FwRev=00000000h, Ports=1, MaxQ=256, IRQ=20
[   13.624370] scsi 2:0:0:0: Direct-Access     VBOX     HARDDISK         1.0  PQ: 0 ANSI: 5
[   13.752707] scsi target2:0:0: Beginning Domain Validation
[   13.754095] scsi target2:0:0: Domain Validation skipping write tests
[   13.754986] scsi target2:0:0: Ending Domain Validation
[   13.755939] scsi target2:0:0: asynchronous
[   13.756976] scsi 2:0:1:0: Direct-Access     VBOX     HARDDISK         1.0  PQ: 0 ANSI: 5
[   13.758442] scsi target2:0:1: Beginning Domain Validation
[   13.874914] scsi target2:0:1: Domain Validation skipping write tests
[   13.998523] scsi target2:0:1: Ending Domain Validation
[   14.100928] scsi target2:0:1: asynchronous
[   14.182994] sd 2:0:0:0: [sda] 20971520 512-byte logical blocks: (10.7 GB/10.0 GiB)
[   14.183048] sd 2:0:0:0: Attached scsi generic sg0 type 0
[   14.183385] sd 2:0:1:0: Attached scsi generic sg1 type 0
[   14.183508] sd 2:0:1:0: [sdb] 20480 512-byte logical blocks: (10.5 MB/10.0 MiB)
[   14.183602] sd 2:0:1:0: [sdb] Write Protect is off
[   14.183661] sd 2:0:1:0: [sdb] Incomplete mode parameter data
[   14.183661] sd 2:0:1:0: [sdb] Assuming drive cache: write through
[   14.193406] sd 2:0:0:0: [sda] Write Protect is off
[   14.300980] sd 2:0:1:0: [sdb] Attached SCSI disk
[   14.553259] sd 2:0:0:0: [sda] Incomplete mode parameter data
[   14.556261] floppy0: no floppy controllers found
[   14.556347] work still pending
[   14.584845] sd 2:0:0:0: [sda] Assuming drive cache: write through
[   14.597141]  sda: sda1
[   14.794375] sd 2:0:0:0: [sda] Attached SCSI disk
Begin: Loading e[   16.478714] md: linear personality registered for level -1
ssential drivers ... [   16.695818] md: multipath personality registered for level -4
[   16.699377] md: raid0 personality registered for level 0
[   16.720245] md: raid1 personality registered for level 1
[   16.859831] raid6: sse2x1   gen()  9023 MB/s
[   17.047800] raid6: sse2x1   xor()  5770 MB/s
[   17.239834] raid6: sse2x2   gen() 10945 MB/s
[   17.423815] raid6: sse2x2   xor()  7560 MB/s
[   17.607786] raid6: sse2x4   gen() 12658 MB/s
[   17.795789] raid6: sse2x4   xor()  7768 MB/s
[   17.922520] raid6: using algorithm sse2x4 gen() 12658 MB/s
[   18.082440] raid6: .... xor() 7768 MB/s, rmw enabled
[   18.230545] raid6: using ssse3x2 recovery algorithm
[   18.326348] xor: automatically using best checksumming function:
[   18.899885]    avx       : 82417.000 MB/sec
[   19.145695] async_tx: api initialized (async)
[   19.152378] md: raid6 personality registered for level 6
[   19.213237] md: raid5 personality registered for level 5
[   19.305563] md: raid4 personality registered for level 4
[   19.348700] md: raid10 personality registered for level 10
done.
Begin: Running /scripts/init-premount ... done.
Begin: Mounting root file system ... Begin: Running /scripts/local-top ... done.
Begin: Running /scripts/local-premount ... [   19.488307] Btrfs loaded
Scanning for Btrfs filesystems
done.
Warning: fsck not present, so skipping root file system
[   19.664656] EXT4-fs (sda1): mounted filesystem with ordered data mode. Opts: (null)
done.
Begin: Running /scripts/local-bottom ... done.
Begin: Running /scripts/init-bottom ... done.
[   20.324017] random: nonblocking pool is initialized
[   20.442975] systemd[1]: systemd 229 running in system mode. (+PAM +AUDIT +SELINUX +IMA +APPARMOR +SMACK +SYSVINIT +UTMP +LIBCRYPTSETUP +GCRYPT +GNUTLS +ACL +XZ -LZ4 +SECCOMP +BLKID +ELFUTILS +KMOD -IDN)
[   20.493332] systemd[1]: Detected virtualization oracle.
[   20.494061] systemd[1]: Detected architecture x86-64.

Welcome to [1mUbuntu 16.04.2 LTS[0m!

[   20.546700] systemd[1]: Set hostname to <ubuntu>.
[   20.569826] systemd[1]: Initializing machine ID from random generator.
[   20.635054] systemd[1]: Installed transient /etc/machine-id file.
[   21.641907] systemd[1]: Listening on LVM2 metadata daemon socket.
[[0;32m  OK  [0m] Listening on LVM2 metadata daemon socket.
[   21.683268] systemd[1]: Started Forward Password Requests to Wall Directory Watch.
[[0;32m  OK  [0m] Started Forward Password Requests to Wall Directory Watch.
[   21.688516] systemd[1]: Listening on Journal Audit Socket.
[[0;32m  OK  [0m] Listening on Journal Audit Socket.
[   21.690228] systemd[1]: Reached target Swap.
[[0;32m  OK  [0m] Reached target Swap.
[   21.693017] systemd[1]: Reached target User and Group Name Lookups.
[[0;32m  OK  [0m] Reached target User and Group Name Lookups.
[   21.695019] systemd[1]: Created slice System Slice.
[[0;32m  OK  [0m] Created slice System Slice.
[   21.697806] systemd[1]: Created slice system-serial\x2dgetty.slice.
[[0;32m  OK  [0m] Created slice system-serial\x2dgetty.slice.
[   21.699740] systemd[1]: Created slice User and Session Slice.
[[0;32m  OK  [0m] Created slice User and Session Slice.
[   21.704198] systemd[1]: Listening on udev Control Socket.
[[0;32m  OK  [0m] Listening on udev Control Socket.
[   21.705890] systemd[1]: Set up automount Arbitrary Executable File Formats File System Automount Point.
[[0;32m  OK  [0m] Set up automount Arbitrary Executab...ats File System Automount Point.
[   21.708466] systemd[1]: Listening on udev Kernel Socket.
[[0;32m  OK  [0m] Listening on udev Kernel Socket.
[   21.710193] systemd[1]: Reached target Encrypted Volumes.
[[0;32m  OK  [0m] Reached target Encrypted Volumes.
[   21.711772] systemd[1]: Listening on /dev/initctl Compatibility Named Pipe.
[[0;32m  OK  [0m] Listening on /dev/initctl Compatibility Named Pipe.
[   21.713737] systemd[1]: Listening on Device-mapper event daemon FIFOs.
[[0;32m  OK  [0m] Listening on Device-mapper event daemon FIFOs.
[   21.719747] systemd[1]: Listening on LVM2 poll daemon socket.
[[0;32m  OK  [0m] Listening on LVM2 poll daemon socket.
[   21.721487] systemd[1]: Listening on Syslog Socket.
[[0;32m  OK  [0m] Listening on Syslog Socket.
[   21.723021] systemd[1]: Listening on Journal Socket (/dev/log).
[[0;32m  OK  [0m] Listening on Journal Socket (/dev/log).
[   21.725031] systemd[1]: Listening on Journal Socket.
[[0;32m  OK  [0m] Listening on Journal Socket.
[   21.740037] systemd[1]: Starting Create list of required static device nodes for the current kernel...
         Starting Create list of required st... nodes for the current kernel...
[   21.756323] systemd[1]: Starting Uncomplicated firewall...
         Starting Uncomplicated firewall...
[   21.759891] systemd[1]: Starting Journal Service...
         Starting Journal Service...
[   21.764155] systemd[1]: Starting Monitoring of LVM2 mirrors, snapshots etc. using dmeventd or progress polling...
         Starting Monitoring of LVM2 mirrors... dmeventd or progress polling...
[   21.773369] systemd[1]: Mounting Huge Pages File System...
         Mounting Huge Pages File System...
[   21.815970] systemd[1]: Starting Load Kernel Modules...
         Starting Load Kernel Modules...
[   21.826654] systemd[1]: Mounting Debug File System...
         Mounting Debug File System...
[   21.828804] systemd[1]: Starting Set console keymap...
         Starting Set console keymap...
[   21.832328] systemd[1]: Starting Nameserver information manager...
         Starting Nameserver information manager...
[   21.857375] systemd[1]: Starting Remount Root and Kernel File Systems...
         Starting Remount Root and Kernel File Systems...
[   21.867001] EXT4-fs (sda1): re-mounted. Opts: (null)
[   21.936002] systemd[1]: Mounting POSIX Message Queue File System...
[   21.963793] Loading iSCSI transport class v2.0-870.
         Mounting POSIX Message Queue File System...
[   22.011528] systemd[1]: Reached target Slices.
[[0;32m  OK  [0m] Reached target Slices.
[   22.014248] systemd[1]: Mounted Debug File System.
[[0;32m  OK  [0m] Mounted Debug File System.
[   22.020038] systemd[1]: Mounted Huge Pages File System.
[[0;32m  OK  [0m] Mounted Huge Pages File System.
[   22.044770] systemd[1]: Mounted POSIX Message Queue File System.
[[0;32m  OK  [0m] Mounted POSIX Message Queue File System.
[   22.060341] systemd[1]: Started Create list of required static device nodes for the current kernel.
[   22.283955] iscsi: registered transport (tcp)
[[0;32m  OK  [0m] Started Create list of required sta...ce nodes for the current kernel.
[   22.299800] systemd[1]: Started Uncomplicated firewall.
[[0;32m  OK  [0m] Started Uncomplicated firewall.
[   22.336613] systemd[1]: Started Remount Root and Kernel File Systems.
[[0;32m  OK  [0m] Started Remount Root and Kernel File Systems.
[   22.516406] systemd[1]: Started Set console keymap.
[[0;32m  OK  [0m] Started Set console keymap.
[   22.614169] iscsi: registered transport (iser)
[   22.624012] systemd[1]: Started Nameserver information manager.
[[0;32m  OK  [0m] Started Nameserver information manager.
[   22.804541] systemd[1]: Started Load Kernel Modules.
[[0;32m  OK  [0m] Started Load Kernel Modules.
[   22.965484] systemd[1]: Started Journal Service.
[[0;32m  OK  [0m] Started Journal Service.
[[0;32m  OK  [0m] Started LVM2 metadata daemon.
         Mounting FUSE Control File System...
         Starting Apply Kernel Variables...
         Starting Flush Journal to Persistent Storage...
         Starting Initial cloud-init job (pre-networking)...
         Starting udev Coldplug all Devices...
         Starting Load/Save Random Seed...
         Starting Create Static Device Nodes in /dev...
[[0;32m  OK  [0m] Mounted FUSE Control File System.
[[0;32m  OK  [0m] Started Apply Kernel Variables.
[[0;32m  OK  [0m] Started Load/Save Random Seed.
[[0;32m  OK  [0m] Started udev Coldplug all Devices.
[[0;32m  OK  [0m] Started Flush Journal to Persistent Storage.
[[0;32m  OK  [0m] Started Create Static Device Nodes in /dev.
         Starting udev Kernel Device Manager...
[[0;32m  OK  [0m] Started udev Kernel Device Manager.
[[0;32m  OK  [0m] Started Monitoring of LVM2 mirrors,...ng dmeventd or progress polling.
[[0;32m  OK  [0m] Started Dispatch Password Requests to Console Directory Watch.
[[0;32m  OK  [0m] Reached target Local File Systems (Pre).
[[0;32m  OK  [0m] Reached target Local File Systems.
         Starting LSB: AppArmor initialization...
         Starting Create Volatile Files and Directories...
         Starting Tell Plymouth To Write Out Runtime Data...
         Starting Commit a transient machine-id on disk...
         Starting Set console font and keymap...
[[0;32m  OK  [0m] Started Commit a transient machine-id on disk.
[[0;32m  OK  [0m] Started Create Volatile Files and Directories.
[[0;32m  OK  [0m] Reached target System Time Synchronized.
         Starting Update UTMP about System Boot/Shutdown...
[[0;32m  OK  [0m] Started Tell Plymouth To Write Out Runtime Data.
[[0;32m  OK  [0m] Found device /dev/ttyS0.
[[0;32m  OK  [0m] Started Update UTMP about System Boot/Shutdown.
[[0;32m  OK  [0m] Started Set console font and keymap.
[[0;32m  OK  [0m] Created slice system-getty.slice.
[[0;32m  OK  [0m] Listening on Load/Save RF Kill Switch Status /dev/rfkill Watch.
[[0;32m  OK  [0m] Started LSB: AppArmor initialization.
[   23.590254] cloud-init[448]: Cloud-init v. 0.7.9 running 'init-local' at Tue, 25 Apr 2017 09:49:33 +0000. Up 23.13 seconds.
[[0;32m  OK  [0m] Started Initial cloud-init job (pre-networking).
[[0;32m  OK  [0m] Reached target Network (Pre).
         Starting Raise network interfaces...
[[0;32m  OK  [0m] Started Raise network interfaces.
         Starting Initial cloud-init job (metadata service crawler)...
[[0;32m  OK  [0m] Reached target Network.
[   25.702783] cloud-init[952]: Cloud-init v. 0.7.9 running 'init' at Tue, 25 Apr 2017 09:49:35 +0000. Up 24.30 seconds.
[   25.710893] cloud-init[952]: ci-info: ++++++++++++++++++++++++++++++++++++++Net device info++++++++++++++++++++++++++++++++++++++
[   25.712765] cloud-init[952]: ci-info: +--------+-------+----------------------------+---------------+-------+-------------------+
[   25.715569] cloud-init[952]: ci-info: | Device |   Up  |          Address           |      Mask     | Scope |     Hw-Address    |
[   25.719379] cloud-init[952]: ci-info: +--------+-------+----------------------------+---------------+-------+-------------------+
[   25.723091] cloud-init[952]: ci-info: | enp0s8 | False |             .              |       .       |   .   | 08:00:27:1f:16:3f |
[   25.724587] cloud-init[952]: ci-info: |   lo   |  True |         127.0.0.1          |   255.0.0.0   |   .   |         .         |
[   25.726439] cloud-init[952]: ci-info: |   lo   |  True |          ::1/128           |       .       |  host |         .         |
[   25.729320] cloud-init[952]: ci-info: | enp0s3 |  True |         10.0.2.15          | 255.255.255.0 |   .   | 02:1c:f3:43:ad:62 |
[[0;32m  OK  [0m] Started Initial cloud-init job (metadata service crawler).
[[0;32m  OK  [0m] Reached target System Initialization.
[[0;32m  OK  [0m] Started Daily Cleanup of Temporary Directories.
         Starting Socket activation for snappy daemon.
[[0;32m  OK  [0m] Started Trigger resolvconf update for networkd DNS.
[   25.782946] cloud-init[952]: ci-info: | enp0s3 |  True | fe80::1c:f3ff:fe43:ad62/64 |       .       |  link | 02:1c:f3:43:ad:62 |
[   25.944461] [cloud-init[0;32m  OK  [0m[952]: ] ci-info: +--------+-------+----------------------------+---------------+-------+-------------------+Listening on D-Bus System Message Bus Socket.

[[0;32m  OK  [0m] Started Timer to automatically refresh installed snaps.
[   25.944866] cloud-init[952]: ci-info: +++++++++++++++++++++++++++Route IPv4 info++++++++++++++++++++++++++++
[   25.958087]          Starting LXD - unix socket.
[[0;32m  OK  [0m] Listening on UUID daemon activation socket.
cloud-init[952]: ci-info: +-------+-------------+----------+---------------+-----------+-------+
[   26.060411] [cloud-init[0;32m  OK  [0m[952]: ] ci-info: | Route | Destination | Gateway  |    Genmask    | Interface | Flags |Started ACPI Events Check.

[[0;32m  OK  [0m] Reached target Paths.
[[0;32m  OK  [0m] Started Daily apt activities.
[   26.060762] cloud-init[952]: ci-info: +-------+-------------+----------+---------------+-----------+-------+
[   26.187952] [cloud-init[0;32m  OK  [0m[952]: ] ci-info: |   0   |   0.0.0.0   | 10.0.2.2 |    0.0.0.0    |   enp0s3  |   UG  |Reached target Timers.

[[0;32m  OK  [0m] Listening on ACPID Listen Socket.
[[0;32m  OK  [0m] Reached target Cloud-config availability.
[[0;32m  OK  [0m] Reached target Network is Online.
[   26.188312] cloud-init[952]: ci-info: |   1   |   10.0.2.0  | 0.0.0.0  | 255.255.255.0 |   enp0s3  |   U   |
[   26.200614] cloud-init[952]: ci-info: +-------+-------------+----------+---------------+-----------+-------+
[   26.203675] cloud-init[952]: Generating public/private rsa key pair.
[   26.206037]          cloud-initStarting iSCSI initiator daemon (iscsid)...[952]: 
Your identification has been saved in /etc/ssh/ssh_host_rsa_key.
[   26.209776] [cloud-init[0;32m  OK  [0m[952]: ] Your public key has been saved in /etc/ssh/ssh_host_rsa_key.pub.
Listening on Socket activation for snappy daemon.
[[0;32m  OK  [0m] Listening on LXD - unix socket.
[   26.210108] cloud-init[952]: The key fingerprint is:
[   26.216627] [cloud-init[0;32m  OK  [0m[952]: ] SHA256:4VesSEKRDRkvbYAJk974Twi52JRYbPSoBGrdud2Rh10 root@ubuntu-xenialReached target Sockets.

[[0;32m  OK  [0m] Reached target Basic System.
[   26.220034] cloud-init[952]:          Starting /etc/rc.local Compatibility...
The key's randomart image is:         Starting System Logging Service...

[   26.232309] [cloud-init[0;32m  OK  [0m[952]: ] +---[RSA 2048]----+Started Regular background program processing daemon.

[   26.232717] cloud-init[952]: |.o+o o*B     E   |
[   26.290409] cloud-init[952]: |o *++.++. +..    |
[   26.292546] cloud-init[952]: |.B.*.oo *+ oo    |
[[0;32m  OK  [0m] Started Deferred execution scheduler.
[   26.304943] cloud-init[952]:          Starting Apply the settings specified in cloud-config...
         Starting LXD - container startup/shutdown...
|+.B . o*.ooo     |
[   26.312452] cloud-init[952]: |.+ + o .S.o      |
[   26.344490] [cloud-init[0;32m  OK  [0m[952]: ] |. o o .  .       |Started ACPI event daemon.

[[0;32m  OK  [0m] Started FUSE filesystem for LXC.
         Starting LSB: MD monitoring daemon...
[   26.344838] cloud-init[952]: |     o           |
[   26.356384] cloud-init[952]: |      .          |
[   26.357107] cloud-init[952]: |                 |
[   26.357807] cloud-init[952]: +----[SHA256]-----+
[   26.358500] cloud-init[952]: Generating public/private dsa key pair.
[   26.362378] cloud-init[952]: Your identification has been saved in /etc/ssh/ssh_host_dsa_key.
[   26.363761] cloud-init[952]: Your public key has been saved in /etc/ssh/ssh_host_dsa_key.pub.
[   26.365041] cloud-init[952]: The key fingerprint is:
[   26.368588] cloud-init[952]: SHA256:LeLjVnsf+RzU41bXIISkMxbE2RXDpYMbemRetp2rTNU root@ubuntu-xenial
[   26.370020] cloud-init[952]: The key's randomart image is:
[   26.372592] cloud-init[952]: +---[DSA 1024]----+
[   26.373350] cloud-init[952]: |       oo+.+=o.  |
[   26.374051] cloud-init[952]: |        oooo.o   |
[   26.374867] cloud-init[952]: |        = = * .  |
[   26.375876] cloud-init[952]: |       . O = = =.|
[   26.377790] cloud-init[952]: |      . S = . =.E|
[   26.379677] cloud-init[952]: |     . ..o   +..+|
[   26.380677] cloud-init[952]: |      o. .  + oo |
[   26.383272] cloud-init[952]: |     .... .o =.. |
[   26.384042] cloud-init[952]: |     ..  . .+ o  |
[   26.384895] cloud-init[952]: +----[SHA256]-----+
[   26.385620] cloud-init[952]: Generating public/private ecdsa key pair.
[   26.387620] cloud-init[952]: Your identification has been saved in /etc/ssh/ssh_host_ecdsa_key.
[   26.390784] cloud-init[952]: Your public key has been saved in /etc/ssh/ssh_host_ecdsa_key.pub.
[   26.391904] cloud-init[952]: The key fingerprint is:
[   26.392769] cloud-init[952]: SHA256:jT8j5fOyj2yumyJp74VvjMOnNKe0dOVGDjTPawRYjZw root@ubuntu-xenial
[   26.393878] cloud-init[952]: The key's randomart image is:
[   26.394855] cloud-init[952]: +---[ECDSA 256]---+
         Starting Pollinate to seed the pseudo random number generator...
         Starting LSB: Record successful boot for GRUB...
         Starting Login Service...
         Starting Accounts Service...
[[0;32m  OK  [0m] Started D-Bus System Message Bus.
[   26.401176] cloud-init[952]: |       ..+       |
[   26.419999] cloud-init[952]: |       oE .      |
[   26.422039] cloud-init[952]: |      . +        |
[   26.422904] cloud-init[952]: |       . B       |
[   26.423677] cloud-init[952]: |        S O      |
[   26.425734] cloud-init[952]: |       . @ .     |
[   26.426628] cloud-init[952]: |     o*o= %      |
[   26.431641] cloud-init[952]: |    ++=O+*o*     |
[   26.432427] cloud-init[952]: |   . +**===+o    |
[   26.433188] cloud-init[952]: +----[SHA256]-----+
[   26.433901] cloud-init[952]: Generating public/private ed25519 key pair.
[   26.434820] cloud-init[952]: Your identification has been saved in /etc/ssh/ssh_host_ed25519_key.
[   26.435987] cloud-init[952]: Your public key has been saved in /etc/ssh/ssh_host_ed25519_key.pub.
[   26.437142] cloud-init[952]: The key fingerprint is:
[   26.437872] cloud-init[952]: SHA256:BVl8mbpS5T1N8+G/i/8h0axDE3TkD1EBPpJHhRAL1K8 root@ubuntu-xenial
[   26.476297] cloud-init[952]: The key's randomart image is:
[   26.504467] cloud-init[952]: +--[ED25519 256]--+
[   26.520332] cloud-init[952]: |        o*ooo***o|
[   26.522994] cloud-init[952]: |        ..o.@.o+.|
[   26.552901] cloud-init[952]: |          .O.*o++|
[   26.571966] cloud-init[952]: |         .o +.Bo+|
[   26.580731] cloud-init[952]: |        S. ..+ +o|
[   26.583096] cloud-init[952]: |        . .E. + .|
[   26.589561] cloud-init[952]: |         .   + ..|
[   26.632272] cloud-init[952]: |              +..|
[   26.652772] cloud-init[952]: |             ..o+|
[   26.656504] cloud-init[952]: +----[SHA256]-----+
[[0;32m  OK  [0m] Started Snappy daemon.
         Starting Auto import assertions from block devices...
[[0;32m  OK  [0m] Started System Logging Service.
[   27.116189] cloud-init[1056]: Generating locales (this might take a while)...
[[0;32m  OK  [0m] Started /etc/rc.local Compatibility.
[[0;32m  OK  [0m] Started Auto import assertions from block devices.
[[0;32m  OK  [0m] Started iSCSI initiator daemon (iscsid).
[[0;32m  OK  [0m] Started Login Service.
         Starting Login to default iSCSI targets...
         Starting Authenticate and Authorize Users to Run Privileged Tasks...
[[0;32m  OK  [0m] Started LSB: Record successful boot for GRUB.
[[0;32m  OK  [0m] Started LSB: MD monitoring daemon.
[[0;32m  OK  [0m] Started Login to default iSCSI targets.
[[0;32m  OK  [0m] Reached target Remote File Systems (Pre).
[[0;32m  OK  [0m] Reached target Remote File Systems.
         Starting LSB: daemon to balance interrupts for SMP systems...
         Starting LSB: automatic crash report generation...
         Starting LSB: Set the CPU Frequency Scaling governor to "ondemand"...
         Starting LSB: VirtualBox Linux Additions...
         Starting Permit User Sessions...
[[0;32m  OK  [0m] Started LSB: Set the CPU Frequency Scaling governor to "ondemand".
[[0;32m  OK  [0m] Started Permit User Sessions.
         Starting Terminate Plymouth Boot Screen...
         Starting Hold until boot process finishes up...
[[0;32m  OK  [0m] Started LSB: daemon to balance interrupts for SMP systems.
[[0;32m  OK  [0m] Started Terminate Plymouth Boot Screen.
[[0;32m  OK  [0m] Started Hold until boot process finishes up.
         Starting Set console scheme...
[[0;32m  OK  [0m] Started Serial Getty on ttyS0.
[[0;32m  OK  [0m] Started Getty on tty1.
[[0;32m  OK  [0m] Reached target Login Prompts.
[[0;32m  OK  [0m] Started Authenticate and Authorize Users to Run Privileged Tasks.
[[0;32m  OK  [0m] Started Accounts Service.
[[0;32m  OK  [0m] Started Set console scheme.
[[0;32m  OK  [0m] Started LSB: automatic crash report generation.
[[0;32m  OK  [0m] Started LSB: VirtualBox Linux Additions.
[[0;32m  OK  [0m] Started Pollinate to seed the pseudo random number generator.
         Starting OpenBSD Secure Shell server...
[[0;32m  OK  [0m] Started OpenBSD Secure Shell server.
[[0;32m  OK  [0m] Started LXD - container startup/shutdown.
[   28.907696] cloud-init[1056]:   en_US.UTF-8... done
[   29.000405] cloud-init[1056]: Generation complete.
[[0;32m  OK  [0m] Reached target Multi-User System.
[[0;32m  OK  [0m] Reached target Graphical Interface.
         Starting Update UTMP about System Runlevel Changes...
[[0;32m  OK  [0m] Started Update UTMP about System Runlevel Changes.
         Stopping OpenBSD Secure Shell server...
[[0;32m  OK  [0m] Stopped OpenBSD Secure Shell server.
         Starting OpenBSD Secure Shell server...
[[0;32m  OK  [0m] Started OpenBSD Secure Shell server.
[[0;32m  OK  [0m] Created slice User Slice of ubuntu.
         Starting User Manager for UID 1000...
[[0;32m  OK  [0m] Started Session 1 of user ubuntu.
[[0;32m  OK  [0m] Started User Manager for UID 1000.
[   31.557847] cloud-init[1056]: Cloud-init v. 0.7.9 running 'modules:config' at Tue, 25 Apr 2017 09:49:37 +0000. Up 26.59 seconds.
[[0;32m  OK  [0m] Started Apply the settings specified in cloud-config.
         Starting Execute cloud user/final scripts...
ci-info: no authorized ssh keys fingerprints found for user ubuntu.
<14>Apr 25 09:49:42 ec2: 
<14>Apr 25 09:49:42 ec2: #############################################################
<14>Apr 25 09:49:42 ec2: -----BEGIN SSH HOST KEY FINGERPRINTS-----
<14>Apr 25 09:49:42 ec2: 1024 SHA256:LeLjVnsf+RzU41bXIISkMxbE2RXDpYMbemRetp2rTNU root@ubuntu-xenial (DSA)
<14>Apr 25 09:49:42 ec2: 256 SHA256:jT8j5fOyj2yumyJp74VvjMOnNKe0dOVGDjTPawRYjZw root@ubuntu-xenial (ECDSA)
<14>Apr 25 09:49:42 ec2: 256 SHA256:BVl8mbpS5T1N8+G/i/8h0axDE3TkD1EBPpJHhRAL1K8 root@ubuntu-xenial (ED25519)
<14>Apr 25 09:49:42 ec2: 2048 SHA256:4VesSEKRDRkvbYAJk974Twi52JRYbPSoBGrdud2Rh10 root@ubuntu-xenial (RSA)
<14>Apr 25 09:49:42 ec2: -----END SSH HOST KEY FINGERPRINTS-----
<14>Apr 25 09:49:42 ec2: #############################################################
-----BEGIN SSH HOST KEY KEYS-----
ecdsa-sha2-nistp256 AAAAE2VjZHNhLXNoYTItbmlzdHAyNTYAAAAIbmlzdHAyNTYAAABBBIbqkoIt2fCK5AwaZ9FNDelH4m0rhTteBTxBxOmYwD4xWrPJH+qfp7OzvFNfjI5iEY0eqZTBkW+CwAQ9PF4Mewk= root@ubuntu-xenial
ssh-ed25519 AAAAC3NzaC1lZDI1NTE5AAAAIN5Qncab/m1G5MSkiR7bKLL24mLnnNPVct/hEJAGpc3J root@ubuntu-xenial
ssh-rsa AAAAB3NzaC1yc2EAAAADAQABAAABAQC8KfT2tinL1pW+jjp26B1ikiQWGMvCausfz/K+iRnORvEt7tArnM5pl807vKmHvwWthbDH4OVBH/aB52cfyE7lvQH4m4KE6OZuONzmNEFdjydqn8abgSFOkDpFcTbawg7eO006kraTBv+9SrMOZp8Dw9u4Roob5mB5MrBdgQ9Nm54Tin/dDjaInrhWA14kQOHQMZe7kzmmk5c+F/h4HBDk4P3fWTaHWgm2EPhq3JjvB76ejDVij62CgA0xX+UCTDyeS9tZ9S+YSWvWC34+N/RwpXVYxnA/7B/M5RNZXrQRpMIhTNSZ+KuN2H06Z+3a4uIBsPrcRHqGv/wIbwYck/ZB root@ubuntu-xenial
-----END SSH HOST KEY KEYS-----
[   32.552913] cloud-init[1350]: Cloud-init v. 0.7.9 running 'modules:final' at Tue, 25 Apr 2017 09:49:42 +0000. Up 31.88 seconds.
[   32.612728] cloud-init[1350]: ci-info: no authorized ssh keys fingerprints found for user ubuntu.
[   32.612991] cloud-init[1350]: Cloud-init v. 0.7.9 finished at Tue, 25 Apr 2017 09:49:43 +0000. Datasource DataSourceNoCloud [seed=/dev/sdb][dsmode=net].  Up 32.54 seconds
[[0;32m  OK  [0m] Started Execute cloud user/final scripts.
[[0;32m  OK  [0m] Reached target Cloud-init target.

Ubuntu 16.04.2 LTS ubuntu-xenial ttyS0

ubuntu-xenial login: 